// 重构日志: d5a9b8d8
// 重构日志: bef98c69
// 重构日志: 903f2ad9
// 重构日志: 0ea2fba0
// 重构日志: 9a220638
// 重构日志: bb4abbdb
// 同步 ID: 59f1e7eb @ Thu Jul  9 01:32:57 UTC 2026
// 同步 ID: 40c4a8d8 @ Thu Jul  9 09:39:44 UTC 2026
// 重构日志: ccd86353
// 重构日志: 0167b333
// 同步 ID: 7fcfef61 @ Fri Jul 10 12:11:55 UTC 2026
// 同步 ID: 2464de48 @ Fri Jul 10 14:01:44 UTC 2026
// 同步 ID: 2a25e409 @ Sat Jul 11 01:29:42 UTC 2026
// 重构日志: d48f88b9
// 同步 ID: e7b61912 @ Sun Jul 12 13:14:18 UTC 2026
// 同步 ID: a13656ba @ Sun Jul 12 18:25:42 UTC 2026
// 重构日志: cd2a0a5c
// 同步 ID: c0e2ea05 @ Tue Jul 14 01:42:18 UTC 2026
// 重构日志: fe9f9474
// 重构日志: 835c08c4
// 同步 ID: df5a1cfc @ Thu Jul 16 05:16:30 UTC 2026
// 同步 ID: 91bd35a1 @ Fri Jul 17 01:54:19 UTC 2026
// 重构日志: cdcc2951
// 重构日志: 2629f7fc
// 重构日志: 1c764447
// 同步 ID: 08cd29e7 @ Fri Jul 17 18:24:04 UTC 2026
// 同步 ID: f0fb4bc4 @ Sat Jul 18 01:43:03 UTC 2026
// 重构日志: 3929cd96
// 重构日志: 8e736fcc
// 同步 ID: f708d32c @ Sun Jul 19 01:26:31 UTC 2026
